[31-Jul-2024 13:54:04 America/Bogota] PHP Warning:  error_log(/path/to/your/error.log): Failed to open stream: No such file or directory in C:\xampp\htdocs\simulacro\error_handler.php on line 35
[31-Jul-2024 13:54:04 America/Bogota] PHP Warning:  error_log(/path/to/your/error.log): Failed to open stream: No such file or directory in C:\xampp\htdocs\simulacro\error_handler.php on line 35
[31-Jul-2024 13:54:04 America/Bogota] PHP Warning:  error_log(/path/to/your/error.log): Failed to open stream: No such file or directory in C:\xampp\htdocs\simulacro\error_handler.php on line 35
[31-Jul-2024 13:54:04 America/Bogota] PHP Fatal error:  Uncaught Error: Call to undefined function non_existent_function() in C:\xampp\htdocs\simulacro\index.php:22
Stack trace:
#0 {main}
  thrown in C:\xampp\htdocs\simulacro\index.php on line 22
customErrorHandler está siendo ejecutado: [2] Undefined variable $undefined_variable on line 11 in file C:\xampp\htdocs\simulacro\index.phpcustomErrorHandler está siendo ejecutado: [512] Custom warning on line 15 in file C:\xampp\htdocs\simulacro\index.phpcustomErrorHandler está siendo ejecutado: [256] Custom error on line 16 in file C:\xampp\htdocs\simulacro\index.php[31-Jul-2024 13:54:41 America/Bogota] PHP Fatal error:  Uncaught Error: Call to undefined function non_existent_function() in C:\xampp\htdocs\simulacro\index.php:22
Stack trace:
#0 {main}
  thrown in C:\xampp\htdocs\simulacro\index.php on line 22
customErrorHandler está siendo ejecutado: [2] Undefined variable $undefined_variable on line 11 in file C:\xampp\htdocs\simulacro\index.phpcustomErrorHandler está siendo ejecutado: [512] Custom warning on line 15 in file C:\xampp\htdocs\simulacro\index.phpcustomErrorHandler está siendo ejecutado: [256] Custom error on line 16 in file C:\xampp\htdocs\simulacro\index.phpcustomErrorHandler está siendo ejecutado: [2] Undefined variable $undefined_variable on line 11 in file C:\xampp\htdocs\simulacro\index.php[31-Jul-2024 14:05:05 America/Bogota] PHP Fatal error:  Uncaught Error: Failed opening required '../error_handler.php' (include_path='C:\xampp\php\PEAR') in C:\xampp\htdocs\simulacro\resourses\home.php:3
Stack trace:
#0 C:\xampp\htdocs\simulacro\app\Controller\view_controller.php(6): require_once()
#1 C:\xampp\htdocs\simulacro\routes\web.php(10): viewProcess->index()
#2 C:\xampp\htdocs\simulacro\index.php(13): Route_controller->index_()
#3 {main}
  thrown in C:\xampp\htdocs\simulacro\resourses\home.php on line 3
[01-Aug-2024 08:08:25 America/Bogota] PHP Fatal error:  Uncaught Error: Call to a member function prepare() on string in C:\xampp\htdocs\simulacro\config\main.php:39
Stack trace:
#0 C:\xampp\htdocs\simulacro\app\Controller\inscripController.php(28): mainClass->consulta_simple('select count(te...')
#1 C:\xampp\htdocs\simulacro\resourses\modules\recepcionar-view.php(5): inscripcionController->contador_tema('recibidos')
#2 C:\xampp\htdocs\simulacro\resourses\home.php(43): include('C:\\xampp\\htdocs...')
#3 C:\xampp\htdocs\simulacro\resourses\home.php(48): viewProcess->{closure}()
#4 C:\xampp\htdocs\simulacro\app\Controller\view_controller.php(6): require_once('C:\\xampp\\htdocs...')
#5 C:\xampp\htdocs\simulacro\routes\web.php(10): viewProcess->index()
#6 C:\xampp\htdocs\simulacro\index.php(13): Route_controller->index_()
#7 {main}
  thrown in C:\xampp\htdocs\simulacro\config\main.php on line 39
[01-Aug-2024 08:09:01 America/Bogota] PHP Fatal error:  Uncaught Error: Call to a member function prepare() on string in C:\xampp\htdocs\simulacro\config\main.php:39
Stack trace:
#0 C:\xampp\htdocs\simulacro\app\Controller\inscripController.php(28): mainClass->consulta_simple('select count(te...')
#1 C:\xampp\htdocs\simulacro\resourses\modules\recepcionar-view.php(5): inscripcionController->contador_tema('recibidos')
#2 C:\xampp\htdocs\simulacro\resourses\home.php(43): include('C:\\xampp\\htdocs...')
#3 C:\xampp\htdocs\simulacro\resourses\home.php(48): viewProcess->{closure}()
#4 C:\xampp\htdocs\simulacro\app\Controller\view_controller.php(6): require_once('C:\\xampp\\htdocs...')
#5 C:\xampp\htdocs\simulacro\routes\web.php(10): viewProcess->index()
#6 C:\xampp\htdocs\simulacro\index.php(13): Route_controller->index_()
#7 {main}
  thrown in C:\xampp\htdocs\simulacro\config\main.php on line 39
[01-Aug-2024 08:10:32 America/Bogota] PHP Fatal error:  Uncaught Error: Call to a member function prepare() on string in C:\xampp\htdocs\simulacro\config\main.php:39
Stack trace:
#0 C:\xampp\htdocs\simulacro\app\Controller\inscripController.php(28): mainClass->consulta_simple('select count(te...')
#1 C:\xampp\htdocs\simulacro\resourses\modules\recepcionar-view.php(5): inscripcionController->contador_tema('recibidos')
#2 C:\xampp\htdocs\simulacro\resourses\home.php(43): include('C:\\xampp\\htdocs...')
#3 C:\xampp\htdocs\simulacro\resourses\home.php(48): viewProcess->{closure}()
#4 C:\xampp\htdocs\simulacro\app\Controller\view_controller.php(6): require_once('C:\\xampp\\htdocs...')
#5 C:\xampp\htdocs\simulacro\routes\web.php(10): viewProcess->index()
#6 C:\xampp\htdocs\simulacro\index.php(13): Route_controller->index_()
#7 {main}
  thrown in C:\xampp\htdocs\simulacro\config\main.php on line 39
[01-Aug-2024 08:10:35 America/Bogota] PHP Fatal error:  Uncaught Error: Call to a member function prepare() on string in C:\xampp\htdocs\simulacro\config\main.php:39
Stack trace:
#0 C:\xampp\htdocs\simulacro\app\Controller\inscripController.php(28): mainClass->consulta_simple('select count(te...')
#1 C:\xampp\htdocs\simulacro\resourses\modules\recepcionar-view.php(5): inscripcionController->contador_tema('recibidos')
#2 C:\xampp\htdocs\simulacro\resourses\home.php(43): include('C:\\xampp\\htdocs...')
#3 C:\xampp\htdocs\simulacro\resourses\home.php(48): viewProcess->{closure}()
#4 C:\xampp\htdocs\simulacro\app\Controller\view_controller.php(6): require_once('C:\\xampp\\htdocs...')
#5 C:\xampp\htdocs\simulacro\routes\web.php(10): viewProcess->index()
#6 C:\xampp\htdocs\simulacro\index.php(13): Route_controller->index_()
#7 {main}
  thrown in C:\xampp\htdocs\simulacro\config\main.php on line 39
[01-Aug-2024 08:10:43 America/Bogota] PHP Fatal error:  Uncaught Error: Call to a member function prepare() on string in C:\xampp\htdocs\simulacro\config\main.php:39
Stack trace:
#0 C:\xampp\htdocs\simulacro\app\Controller\inscripController.php(28): mainClass->consulta_simple('select count(te...')
#1 C:\xampp\htdocs\simulacro\resourses\modules\recepcionar-view.php(5): inscripcionController->contador_tema('recibidos')
#2 C:\xampp\htdocs\simulacro\resourses\home.php(43): include('C:\\xampp\\htdocs...')
#3 C:\xampp\htdocs\simulacro\resourses\home.php(48): viewProcess->{closure}()
#4 C:\xampp\htdocs\simulacro\app\Controller\view_controller.php(6): require_once('C:\\xampp\\htdocs...')
#5 C:\xampp\htdocs\simulacro\routes\web.php(10): viewProcess->index()
#6 C:\xampp\htdocs\simulacro\index.php(13): Route_controller->index_()
#7 {main}
  thrown in C:\xampp\htdocs\simulacro\config\main.php on line 39
[01-Aug-2024 08:14:59 America/Bogota] PHP Fatal error:  Uncaught Error: Call to a member function prepare() on string in C:\xampp\htdocs\simulacro\config\main.php:39
Stack trace:
#0 C:\xampp\htdocs\simulacro\app\Controller\inscripController.php(28): mainClass->consulta_simple('select count(te...')
#1 C:\xampp\htdocs\simulacro\resourses\modules\recepcionar-view.php(5): inscripcionController->contador_tema('recibidos')
#2 C:\xampp\htdocs\simulacro\resourses\home.php(43): include('C:\\xampp\\htdocs...')
#3 C:\xampp\htdocs\simulacro\resourses\home.php(48): viewProcess->{closure}()
#4 C:\xampp\htdocs\simulacro\app\Controller\view_controller.php(6): require_once('C:\\xampp\\htdocs...')
#5 C:\xampp\htdocs\simulacro\routes\web.php(10): viewProcess->index()
#6 C:\xampp\htdocs\simulacro\index.php(13): Route_controller->index_()
#7 {main}
  thrown in C:\xampp\htdocs\simulacro\config\main.php on line 39
[01-Aug-2024 08:15:25 America/Bogota] PHP Fatal error:  Uncaught Error: Call to a member function prepare() on string in C:\xampp\htdocs\simulacro\config\main.php:39
Stack trace:
#0 C:\xampp\htdocs\simulacro\app\Controller\inscripController.php(28): mainClass->consulta_simple('select count(te...')
#1 C:\xampp\htdocs\simulacro\resourses\modules\recepcionar-view.php(5): inscripcionController->contador_tema('recibidos')
#2 C:\xampp\htdocs\simulacro\resourses\home.php(43): include('C:\\xampp\\htdocs...')
#3 C:\xampp\htdocs\simulacro\resourses\home.php(48): viewProcess->{closure}()
#4 C:\xampp\htdocs\simulacro\app\Controller\view_controller.php(6): require_once('C:\\xampp\\htdocs...')
#5 C:\xampp\htdocs\simulacro\routes\web.php(10): viewProcess->index()
#6 C:\xampp\htdocs\simulacro\index.php(13): Route_controller->index_()
#7 {main}
  thrown in C:\xampp\htdocs\simulacro\config\main.php on line 39
[01-Aug-2024 08:15:30 America/Bogota] PHP Fatal error:  Uncaught Error: Call to a member function prepare() on string in C:\xampp\htdocs\simulacro\config\main.php:39
Stack trace:
#0 C:\xampp\htdocs\simulacro\app\Model\inscripModel.php(104): mainClass->consulta_simple('select * from l...')
#1 C:\xampp\htdocs\simulacro\app\Controller\inscripController.php(15): inscripcionModel->listado_registro()
#2 C:\xampp\htdocs\simulacro\resourses\modules\listado-view.php(5): inscripcionController->listar_registro()
#3 C:\xampp\htdocs\simulacro\resourses\home.php(43): include('C:\\xampp\\htdocs...')
#4 C:\xampp\htdocs\simulacro\resourses\home.php(48): viewProcess->{closure}()
#5 C:\xampp\htdocs\simulacro\app\Controller\view_controller.php(6): require_once('C:\\xampp\\htdocs...')
#6 C:\xampp\htdocs\simulacro\routes\web.php(10): viewProcess->index()
#7 C:\xampp\htdocs\simulacro\index.php(13): Route_controller->index_()
#8 {main}
  thrown in C:\xampp\htdocs\simulacro\config\main.php on line 39
[01-Aug-2024 08:19:21 America/Bogota] PHP Fatal error:  Uncaught Error: Call to a member function prepare() on string in C:\xampp\htdocs\simulacro\config\main.php:39
Stack trace:
#0 C:\xampp\htdocs\simulacro\app\Model\inscripModel.php(104): mainClass->consulta_simple('select * from l...')
#1 C:\xampp\htdocs\simulacro\app\Controller\inscripController.php(15): inscripcionModel->listado_registro()
#2 C:\xampp\htdocs\simulacro\resourses\modules\listado-view.php(5): inscripcionController->listar_registro()
#3 C:\xampp\htdocs\simulacro\resourses\home.php(43): include('C:\\xampp\\htdocs...')
#4 C:\xampp\htdocs\simulacro\resourses\home.php(48): viewProcess->{closure}()
#5 C:\xampp\htdocs\simulacro\app\Controller\view_controller.php(6): require_once('C:\\xampp\\htdocs...')
#6 C:\xampp\htdocs\simulacro\routes\web.php(10): viewProcess->index()
#7 C:\xampp\htdocs\simulacro\index.php(13): Route_controller->index_()
#8 {main}
  thrown in C:\xampp\htdocs\simulacro\config\main.php on line 39
[01-Aug-2024 08:19:25 America/Bogota] PHP Fatal error:  Uncaught Error: Call to a member function prepare() on string in C:\xampp\htdocs\simulacro\config\main.php:39
Stack trace:
#0 C:\xampp\htdocs\simulacro\app\Model\inscripModel.php(104): mainClass->consulta_simple('select * from l...')
#1 C:\xampp\htdocs\simulacro\app\Controller\inscripController.php(15): inscripcionModel->listado_registro()
#2 C:\xampp\htdocs\simulacro\resourses\modules\listado-view.php(5): inscripcionController->listar_registro()
#3 C:\xampp\htdocs\simulacro\resourses\home.php(43): include('C:\\xampp\\htdocs...')
#4 C:\xampp\htdocs\simulacro\resourses\home.php(48): viewProcess->{closure}()
#5 C:\xampp\htdocs\simulacro\app\Controller\view_controller.php(6): require_once('C:\\xampp\\htdocs...')
#6 C:\xampp\htdocs\simulacro\routes\web.php(10): viewProcess->index()
#7 C:\xampp\htdocs\simulacro\index.php(13): Route_controller->index_()
#8 {main}
  thrown in C:\xampp\htdocs\simulacro\config\main.php on line 39
[01-Aug-2024 08:19:39 America/Bogota] PHP Fatal error:  Uncaught Error: Call to a member function prepare() on string in C:\xampp\htdocs\simulacro\config\main.php:39
Stack trace:
#0 C:\xampp\htdocs\simulacro\app\Model\inscripModel.php(104): mainClass->consulta_simple('select * from l...')
#1 C:\xampp\htdocs\simulacro\app\Controller\inscripController.php(15): inscripcionModel->listado_registro()
#2 C:\xampp\htdocs\simulacro\resourses\modules\listado-view.php(5): inscripcionController->listar_registro()
#3 C:\xampp\htdocs\simulacro\resourses\home.php(43): include('C:\\xampp\\htdocs...')
#4 C:\xampp\htdocs\simulacro\resourses\home.php(48): viewProcess->{closure}()
#5 C:\xampp\htdocs\simulacro\app\Controller\view_controller.php(6): require_once('C:\\xampp\\htdocs...')
#6 C:\xampp\htdocs\simulacro\routes\web.php(10): viewProcess->index()
#7 C:\xampp\htdocs\simulacro\index.php(13): Route_controller->index_()
#8 {main}
  thrown in C:\xampp\htdocs\simulacro\config\main.php on line 39
[01-Aug-2024 08:19:40 America/Bogota] PHP Fatal error:  Uncaught Error: Call to a member function prepare() on string in C:\xampp\htdocs\simulacro\config\main.php:39
Stack trace:
#0 C:\xampp\htdocs\simulacro\app\Controller\inscripController.php(28): mainClass->consulta_simple('select count(te...')
#1 C:\xampp\htdocs\simulacro\resourses\modules\recepcionar-view.php(5): inscripcionController->contador_tema('recibidos')
#2 C:\xampp\htdocs\simulacro\resourses\home.php(43): include('C:\\xampp\\htdocs...')
#3 C:\xampp\htdocs\simulacro\resourses\home.php(48): viewProcess->{closure}()
#4 C:\xampp\htdocs\simulacro\app\Controller\view_controller.php(6): require_once('C:\\xampp\\htdocs...')
#5 C:\xampp\htdocs\simulacro\routes\web.php(10): viewProcess->index()
#6 C:\xampp\htdocs\simulacro\index.php(13): Route_controller->index_()
#7 {main}
  thrown in C:\xampp\htdocs\simulacro\config\main.php on line 39
[01-Aug-2024 08:20:03 America/Bogota] PHP Fatal error:  Uncaught Error: Call to a member function prepare() on string in C:\xampp\htdocs\simulacro\config\main.php:39
Stack trace:
#0 C:\xampp\htdocs\simulacro\app\Model\inscripModel.php(104): mainClass->consulta_simple('select * from l...')
#1 C:\xampp\htdocs\simulacro\app\Controller\inscripController.php(15): inscripcionModel->listado_registro()
#2 C:\xampp\htdocs\simulacro\resourses\modules\listado-view.php(5): inscripcionController->listar_registro()
#3 C:\xampp\htdocs\simulacro\resourses\home.php(43): include('C:\\xampp\\htdocs...')
#4 C:\xampp\htdocs\simulacro\resourses\home.php(48): viewProcess->{closure}()
#5 C:\xampp\htdocs\simulacro\app\Controller\view_controller.php(6): require_once('C:\\xampp\\htdocs...')
#6 C:\xampp\htdocs\simulacro\routes\web.php(10): viewProcess->index()
#7 C:\xampp\htdocs\simulacro\index.php(13): Route_controller->index_()
#8 {main}
  thrown in C:\xampp\htdocs\simulacro\config\main.php on line 39
[01-Aug-2024 08:22:09 America/Bogota] PHP Fatal error:  Uncaught Error: Call to a member function prepare() on string in C:\xampp\htdocs\simulacro\config\main.php:39
Stack trace:
#0 C:\xampp\htdocs\simulacro\app\Model\inscripModel.php(104): mainClass->consulta_simple('select * from l...')
#1 C:\xampp\htdocs\simulacro\app\Controller\inscripController.php(15): inscripcionModel->listado_registro()
#2 C:\xampp\htdocs\simulacro\resourses\modules\listado-view.php(5): inscripcionController->listar_registro()
#3 C:\xampp\htdocs\simulacro\resourses\home.php(43): include('C:\\xampp\\htdocs...')
#4 C:\xampp\htdocs\simulacro\resourses\home.php(48): viewProcess->{closure}()
#5 C:\xampp\htdocs\simulacro\app\Controller\view_controller.php(6): require_once('C:\\xampp\\htdocs...')
#6 C:\xampp\htdocs\simulacro\routes\web.php(10): viewProcess->index()
#7 C:\xampp\htdocs\simulacro\index.php(13): Route_controller->index_()
#8 {main}
  thrown in C:\xampp\htdocs\simulacro\config\main.php on line 39
[01-Aug-2024 08:22:17 America/Bogota] PHP Fatal error:  Uncaught Error: Call to a member function prepare() on string in C:\xampp\htdocs\simulacro\config\main.php:39
Stack trace:
#0 C:\xampp\htdocs\simulacro\app\Model\inscripModel.php(104): mainClass->consulta_simple('select * from l...')
#1 C:\xampp\htdocs\simulacro\app\Controller\inscripController.php(15): inscripcionModel->listado_registro()
#2 C:\xampp\htdocs\simulacro\resourses\modules\listado-view.php(5): inscripcionController->listar_registro()
#3 C:\xampp\htdocs\simulacro\resourses\home.php(43): include('C:\\xampp\\htdocs...')
#4 C:\xampp\htdocs\simulacro\resourses\home.php(48): viewProcess->{closure}()
#5 C:\xampp\htdocs\simulacro\app\Controller\view_controller.php(6): require_once('C:\\xampp\\htdocs...')
#6 C:\xampp\htdocs\simulacro\routes\web.php(10): viewProcess->index()
#7 C:\xampp\htdocs\simulacro\index.php(13): Route_controller->index_()
#8 {main}
  thrown in C:\xampp\htdocs\simulacro\config\main.php on line 39
[01-Aug-2024 08:22:17 America/Bogota] PHP Fatal error:  Uncaught Error: Call to a member function prepare() on string in C:\xampp\htdocs\simulacro\config\main.php:39
Stack trace:
#0 C:\xampp\htdocs\simulacro\app\Model\inscripModel.php(104): mainClass->consulta_simple('select * from l...')
#1 C:\xampp\htdocs\simulacro\app\Controller\inscripController.php(15): inscripcionModel->listado_registro()
#2 C:\xampp\htdocs\simulacro\resourses\modules\listado-view.php(5): inscripcionController->listar_registro()
#3 C:\xampp\htdocs\simulacro\resourses\home.php(43): include('C:\\xampp\\htdocs...')
#4 C:\xampp\htdocs\simulacro\resourses\home.php(48): viewProcess->{closure}()
#5 C:\xampp\htdocs\simulacro\app\Controller\view_controller.php(6): require_once('C:\\xampp\\htdocs...')
#6 C:\xampp\htdocs\simulacro\routes\web.php(10): viewProcess->index()
#7 C:\xampp\htdocs\simulacro\index.php(13): Route_controller->index_()
#8 {main}
  thrown in C:\xampp\htdocs\simulacro\config\main.php on line 39
[01-Aug-2024 08:22:17 America/Bogota] PHP Fatal error:  Uncaught Error: Call to a member function prepare() on string in C:\xampp\htdocs\simulacro\config\main.php:39
Stack trace:
#0 C:\xampp\htdocs\simulacro\app\Model\inscripModel.php(104): mainClass->consulta_simple('select * from l...')
#1 C:\xampp\htdocs\simulacro\app\Controller\inscripController.php(15): inscripcionModel->listado_registro()
#2 C:\xampp\htdocs\simulacro\resourses\modules\listado-view.php(5): inscripcionController->listar_registro()
#3 C:\xampp\htdocs\simulacro\resourses\home.php(43): include('C:\\xampp\\htdocs...')
#4 C:\xampp\htdocs\simulacro\resourses\home.php(48): viewProcess->{closure}()
#5 C:\xampp\htdocs\simulacro\app\Controller\view_controller.php(6): require_once('C:\\xampp\\htdocs...')
#6 C:\xampp\htdocs\simulacro\routes\web.php(10): viewProcess->index()
#7 C:\xampp\htdocs\simulacro\index.php(13): Route_controller->index_()
#8 {main}
  thrown in C:\xampp\htdocs\simulacro\config\main.php on line 39
[01-Aug-2024 08:22:17 America/Bogota] PHP Fatal error:  Uncaught Error: Call to a member function prepare() on string in C:\xampp\htdocs\simulacro\config\main.php:39
Stack trace:
#0 C:\xampp\htdocs\simulacro\app\Model\inscripModel.php(104): mainClass->consulta_simple('select * from l...')
#1 C:\xampp\htdocs\simulacro\app\Controller\inscripController.php(15): inscripcionModel->listado_registro()
#2 C:\xampp\htdocs\simulacro\resourses\modules\listado-view.php(5): inscripcionController->listar_registro()
#3 C:\xampp\htdocs\simulacro\resourses\home.php(43): include('C:\\xampp\\htdocs...')
#4 C:\xampp\htdocs\simulacro\resourses\home.php(48): viewProcess->{closure}()
#5 C:\xampp\htdocs\simulacro\app\Controller\view_controller.php(6): require_once('C:\\xampp\\htdocs...')
#6 C:\xampp\htdocs\simulacro\routes\web.php(10): viewProcess->index()
#7 C:\xampp\htdocs\simulacro\index.php(13): Route_controller->index_()
#8 {main}
  thrown in C:\xampp\htdocs\simulacro\config\main.php on line 39
[01-Aug-2024 08:22:22 America/Bogota] PHP Fatal error:  Uncaught Error: Call to a member function prepare() on string in C:\xampp\htdocs\simulacro\config\main.php:39
Stack trace:
#0 C:\xampp\htdocs\simulacro\app\Model\inscripModel.php(104): mainClass->consulta_simple('select * from l...')
#1 C:\xampp\htdocs\simulacro\app\Controller\inscripController.php(15): inscripcionModel->listado_registro()
#2 C:\xampp\htdocs\simulacro\resourses\modules\listado-view.php(5): inscripcionController->listar_registro()
#3 C:\xampp\htdocs\simulacro\resourses\home.php(43): include('C:\\xampp\\htdocs...')
#4 C:\xampp\htdocs\simulacro\resourses\home.php(48): viewProcess->{closure}()
#5 C:\xampp\htdocs\simulacro\app\Controller\view_controller.php(6): require_once('C:\\xampp\\htdocs...')
#6 C:\xampp\htdocs\simulacro\routes\web.php(10): viewProcess->index()
#7 C:\xampp\htdocs\simulacro\index.php(13): Route_controller->index_()
#8 {main}
  thrown in C:\xampp\htdocs\simulacro\config\main.php on line 39
[01-Aug-2024 08:22:23 America/Bogota] PHP Fatal error:  Uncaught Error: Call to a member function prepare() on string in C:\xampp\htdocs\simulacro\config\main.php:39
Stack trace:
#0 C:\xampp\htdocs\simulacro\app\Controller\inscripController.php(28): mainClass->consulta_simple('select count(te...')
#1 C:\xampp\htdocs\simulacro\resourses\modules\recepcionar-view.php(5): inscripcionController->contador_tema('recibidos')
#2 C:\xampp\htdocs\simulacro\resourses\home.php(43): include('C:\\xampp\\htdocs...')
#3 C:\xampp\htdocs\simulacro\resourses\home.php(48): viewProcess->{closure}()
#4 C:\xampp\htdocs\simulacro\app\Controller\view_controller.php(6): require_once('C:\\xampp\\htdocs...')
#5 C:\xampp\htdocs\simulacro\routes\web.php(10): viewProcess->index()
#6 C:\xampp\htdocs\simulacro\index.php(13): Route_controller->index_()
#7 {main}
  thrown in C:\xampp\htdocs\simulacro\config\main.php on line 39
[01-Aug-2024 08:25:43 America/Bogota] PHP Fatal error:  Uncaught Error: Call to a member function prepare() on string in C:\xampp\htdocs\simulacro\config\main.php:39
Stack trace:
#0 C:\xampp\htdocs\simulacro\app\Controller\inscripController.php(28): mainClass->consulta_simple('select count(te...')
#1 C:\xampp\htdocs\simulacro\resourses\modules\recepcionar-view.php(5): inscripcionController->contador_tema('recibidos')
#2 C:\xampp\htdocs\simulacro\resourses\home.php(43): include('C:\\xampp\\htdocs...')
#3 C:\xampp\htdocs\simulacro\resourses\home.php(48): viewProcess->{closure}()
#4 C:\xampp\htdocs\simulacro\app\Controller\view_controller.php(6): require_once('C:\\xampp\\htdocs...')
#5 C:\xampp\htdocs\simulacro\routes\web.php(10): viewProcess->index()
#6 C:\xampp\htdocs\simulacro\index.php(13): Route_controller->index_()
#7 {main}
  thrown in C:\xampp\htdocs\simulacro\config\main.php on line 39
[01-Aug-2024 08:27:53 America/Bogota] PHP Fatal error:  Uncaught Error: Call to a member function prepare() on string in C:\xampp\htdocs\simulacro\config\main.php:39
Stack trace:
#0 C:\xampp\htdocs\simulacro\app\Controller\inscripController.php(28): mainClass->consulta_simple('select count(te...')
#1 C:\xampp\htdocs\simulacro\resourses\modules\recepcionar-view.php(5): inscripcionController->contador_tema('recibidos')
#2 C:\xampp\htdocs\simulacro\resourses\home.php(43): include('C:\\xampp\\htdocs...')
#3 C:\xampp\htdocs\simulacro\resourses\home.php(48): viewProcess->{closure}()
#4 C:\xampp\htdocs\simulacro\app\Controller\view_controller.php(6): require_once('C:\\xampp\\htdocs...')
#5 C:\xampp\htdocs\simulacro\routes\web.php(10): viewProcess->index()
#6 C:\xampp\htdocs\simulacro\index.php(13): Route_controller->index_()
#7 {main}
  thrown in C:\xampp\htdocs\simulacro\config\main.php on line 39
[01-Aug-2024 08:27:59 America/Bogota] PHP Fatal error:  Uncaught Error: Call to a member function prepare() on string in C:\xampp\htdocs\simulacro\config\main.php:39
Stack trace:
#0 C:\xampp\htdocs\simulacro\app\Controller\inscripController.php(28): mainClass->consulta_simple('select count(te...')
#1 C:\xampp\htdocs\simulacro\resourses\modules\recepcionar-view.php(5): inscripcionController->contador_tema('recibidos')
#2 C:\xampp\htdocs\simulacro\resourses\home.php(43): include('C:\\xampp\\htdocs...')
#3 C:\xampp\htdocs\simulacro\resourses\home.php(48): viewProcess->{closure}()
#4 C:\xampp\htdocs\simulacro\app\Controller\view_controller.php(6): require_once('C:\\xampp\\htdocs...')
#5 C:\xampp\htdocs\simulacro\routes\web.php(10): viewProcess->index()
#6 C:\xampp\htdocs\simulacro\index.php(13): Route_controller->index_()
#7 {main}
  thrown in C:\xampp\htdocs\simulacro\config\main.php on line 39
[01-Aug-2024 08:29:41 America/Bogota] PHP Fatal error:  Uncaught Error: Call to a member function prepare() on string in C:\xampp\htdocs\simulacro\config\main.php:39
Stack trace:
#0 C:\xampp\htdocs\simulacro\app\Model\inscripModel.php(104): mainClass->consulta_simple('select * from l...')
#1 C:\xampp\htdocs\simulacro\app\Controller\inscripController.php(15): inscripcionModel->listado_registro()
#2 C:\xampp\htdocs\simulacro\resourses\modules\listado-view.php(5): inscripcionController->listar_registro()
#3 C:\xampp\htdocs\simulacro\resourses\home.php(43): include('C:\\xampp\\htdocs...')
#4 C:\xampp\htdocs\simulacro\resourses\home.php(48): viewProcess->{closure}()
#5 C:\xampp\htdocs\simulacro\app\Controller\view_controller.php(6): require_once('C:\\xampp\\htdocs...')
#6 C:\xampp\htdocs\simulacro\routes\web.php(10): viewProcess->index()
#7 C:\xampp\htdocs\simulacro\index.php(13): Route_controller->index_()
#8 {main}
  thrown in C:\xampp\htdocs\simulacro\config\main.php on line 39
[01-Aug-2024 08:32:37 America/Bogota] PHP Fatal error:  Uncaught Error: Call to a member function prepare() on string in C:\xampp\htdocs\simulacro\config\main.php:39
Stack trace:
#0 C:\xampp\htdocs\simulacro\app\Controller\inscripController.php(28): mainClass->consulta_simple('select count(te...')
#1 C:\xampp\htdocs\simulacro\resourses\modules\recepcionar-view.php(5): inscripcionController->contador_tema('recibidos')
#2 C:\xampp\htdocs\simulacro\resourses\home.php(43): include('C:\\xampp\\htdocs...')
#3 C:\xampp\htdocs\simulacro\resourses\home.php(48): viewProcess->{closure}()
#4 C:\xampp\htdocs\simulacro\app\Controller\view_controller.php(6): require_once('C:\\xampp\\htdocs...')
#5 C:\xampp\htdocs\simulacro\routes\web.php(10): viewProcess->index()
#6 C:\xampp\htdocs\simulacro\index.php(13): Route_controller->index_()
#7 {main}
  thrown in C:\xampp\htdocs\simulacro\config\main.php on line 39
[01-Aug-2024 08:52:37 America/Bogota] PHP Fatal error:  Uncaught Error: Call to a member function prepare() on string in C:\xampp\htdocs\simulacro\config\main.php:39
Stack trace:
#0 C:\xampp\htdocs\simulacro\app\Model\inscripModel.php(104): mainClass->consulta_simple('select * from l...')
#1 C:\xampp\htdocs\simulacro\app\Controller\inscripController.php(15): inscripcionModel->listado_registro()
#2 C:\xampp\htdocs\simulacro\resourses\modules\listado-view.php(5): inscripcionController->listar_registro()
#3 C:\xampp\htdocs\simulacro\resourses\home.php(43): include('C:\\xampp\\htdocs...')
#4 C:\xampp\htdocs\simulacro\resourses\home.php(48): viewProcess->{closure}()
#5 C:\xampp\htdocs\simulacro\app\Controller\view_controller.php(6): require_once('C:\\xampp\\htdocs...')
#6 C:\xampp\htdocs\simulacro\routes\web.php(10): viewProcess->index()
#7 C:\xampp\htdocs\simulacro\index.php(13): Route_controller->index_()
#8 {main}
  thrown in C:\xampp\htdocs\simulacro\config\main.php on line 39
[01-Aug-2024 08:56:38 America/Bogota] PHP Fatal error:  Uncaught Error: Call to a member function prepare() on string in C:\xampp\htdocs\simulacro\config\main.php:39
Stack trace:
#0 C:\xampp\htdocs\simulacro\app\Model\inscripModel.php(104): mainClass->consulta_simple('select * from l...')
#1 C:\xampp\htdocs\simulacro\app\Controller\inscripController.php(15): inscripcionModel->listado_registro()
#2 C:\xampp\htdocs\simulacro\resourses\modules\listado-view.php(5): inscripcionController->listar_registro()
#3 C:\xampp\htdocs\simulacro\resourses\home.php(43): include('C:\\xampp\\htdocs...')
#4 C:\xampp\htdocs\simulacro\resourses\home.php(48): viewProcess->{closure}()
#5 C:\xampp\htdocs\simulacro\app\Controller\view_controller.php(6): require_once('C:\\xampp\\htdocs...')
#6 C:\xampp\htdocs\simulacro\routes\web.php(10): viewProcess->index()
#7 C:\xampp\htdocs\simulacro\index.php(13): Route_controller->index_()
#8 {main}
  thrown in C:\xampp\htdocs\simulacro\config\main.php on line 39
[01-Aug-2024 08:58:26 America/Bogota] PHP Fatal error:  Uncaught PDOException: SQLSTATE[HY000]: General error: 1449 The user specified as a definer ('unamaded'@'localhost') does not exist in C:\xampp\htdocs\simulacro\config\main.php:41
Stack trace:
#0 C:\xampp\htdocs\simulacro\config\main.php(41): PDOStatement->execute()
#1 C:\xampp\htdocs\simulacro\app\Model\inscripModel.php(104): mainClass->consulta_simple('select * from l...')
#2 C:\xampp\htdocs\simulacro\app\Controller\inscripController.php(15): inscripcionModel->listado_registro()
#3 C:\xampp\htdocs\simulacro\resourses\modules\listado-view.php(5): inscripcionController->listar_registro()
#4 C:\xampp\htdocs\simulacro\resourses\home.php(43): include('C:\\xampp\\htdocs...')
#5 C:\xampp\htdocs\simulacro\resourses\home.php(48): viewProcess->{closure}()
#6 C:\xampp\htdocs\simulacro\app\Controller\view_controller.php(6): require_once('C:\\xampp\\htdocs...')
#7 C:\xampp\htdocs\simulacro\routes\web.php(10): viewProcess->index()
#8 C:\xampp\htdocs\simulacro\index.php(13): Route_controller->index_()
#9 {main}
  thrown in C:\xampp\htdocs\simulacro\config\main.php on line 41
[01-Aug-2024 08:58:27 America/Bogota] PHP Fatal error:  Uncaught PDOException: SQLSTATE[HY000]: General error: 1449 The user specified as a definer ('unamaded'@'localhost') does not exist in C:\xampp\htdocs\simulacro\config\main.php:41
Stack trace:
#0 C:\xampp\htdocs\simulacro\config\main.php(41): PDOStatement->execute()
#1 C:\xampp\htdocs\simulacro\app\Model\inscripModel.php(104): mainClass->consulta_simple('select * from l...')
#2 C:\xampp\htdocs\simulacro\app\Controller\inscripController.php(15): inscripcionModel->listado_registro()
#3 C:\xampp\htdocs\simulacro\resourses\modules\listado-view.php(5): inscripcionController->listar_registro()
#4 C:\xampp\htdocs\simulacro\resourses\home.php(43): include('C:\\xampp\\htdocs...')
#5 C:\xampp\htdocs\simulacro\resourses\home.php(48): viewProcess->{closure}()
#6 C:\xampp\htdocs\simulacro\app\Controller\view_controller.php(6): require_once('C:\\xampp\\htdocs...')
#7 C:\xampp\htdocs\simulacro\routes\web.php(10): viewProcess->index()
#8 C:\xampp\htdocs\simulacro\index.php(13): Route_controller->index_()
#9 {main}
  thrown in C:\xampp\htdocs\simulacro\config\main.php on line 41
[01-Aug-2024 08:58:28 America/Bogota] PHP Fatal error:  Uncaught PDOException: SQLSTATE[HY000]: General error: 1449 The user specified as a definer ('unamaded'@'localhost') does not exist in C:\xampp\htdocs\simulacro\config\main.php:41
Stack trace:
#0 C:\xampp\htdocs\simulacro\config\main.php(41): PDOStatement->execute()
#1 C:\xampp\htdocs\simulacro\app\Model\inscripModel.php(104): mainClass->consulta_simple('select * from l...')
#2 C:\xampp\htdocs\simulacro\app\Controller\inscripController.php(15): inscripcionModel->listado_registro()
#3 C:\xampp\htdocs\simulacro\resourses\modules\listado-view.php(5): inscripcionController->listar_registro()
#4 C:\xampp\htdocs\simulacro\resourses\home.php(43): include('C:\\xampp\\htdocs...')
#5 C:\xampp\htdocs\simulacro\resourses\home.php(48): viewProcess->{closure}()
#6 C:\xampp\htdocs\simulacro\app\Controller\view_controller.php(6): require_once('C:\\xampp\\htdocs...')
#7 C:\xampp\htdocs\simulacro\routes\web.php(10): viewProcess->index()
#8 C:\xampp\htdocs\simulacro\index.php(13): Route_controller->index_()
#9 {main}
  thrown in C:\xampp\htdocs\simulacro\config\main.php on line 41
[01-Aug-2024 08:58:29 America/Bogota] PHP Fatal error:  Uncaught PDOException: SQLSTATE[HY000]: General error: 1449 The user specified as a definer ('unamaded'@'localhost') does not exist in C:\xampp\htdocs\simulacro\config\main.php:41
Stack trace:
#0 C:\xampp\htdocs\simulacro\config\main.php(41): PDOStatement->execute()
#1 C:\xampp\htdocs\simulacro\app\Model\inscripModel.php(104): mainClass->consulta_simple('select * from l...')
#2 C:\xampp\htdocs\simulacro\app\Controller\inscripController.php(15): inscripcionModel->listado_registro()
#3 C:\xampp\htdocs\simulacro\resourses\modules\listado-view.php(5): inscripcionController->listar_registro()
#4 C:\xampp\htdocs\simulacro\resourses\home.php(43): include('C:\\xampp\\htdocs...')
#5 C:\xampp\htdocs\simulacro\resourses\home.php(48): viewProcess->{closure}()
#6 C:\xampp\htdocs\simulacro\app\Controller\view_controller.php(6): require_once('C:\\xampp\\htdocs...')
#7 C:\xampp\htdocs\simulacro\routes\web.php(10): viewProcess->index()
#8 C:\xampp\htdocs\simulacro\index.php(13): Route_controller->index_()
#9 {main}
  thrown in C:\xampp\htdocs\simulacro\config\main.php on line 41
[01-Aug-2024 08:59:02 America/Bogota] PHP Fatal error:  Uncaught Error: Call to a member function prepare() on string in C:\xampp\htdocs\simulacro\config\main.php:39
Stack trace:
#0 C:\xampp\htdocs\simulacro\app\Model\inscripModel.php(104): mainClass->consulta_simple('select * from l...')
#1 C:\xampp\htdocs\simulacro\app\Controller\inscripController.php(15): inscripcionModel->listado_registro()
#2 C:\xampp\htdocs\simulacro\resourses\modules\listado-view.php(5): inscripcionController->listar_registro()
#3 C:\xampp\htdocs\simulacro\resourses\home.php(43): include('C:\\xampp\\htdocs...')
#4 C:\xampp\htdocs\simulacro\resourses\home.php(48): viewProcess->{closure}()
#5 C:\xampp\htdocs\simulacro\app\Controller\view_controller.php(6): require_once('C:\\xampp\\htdocs...')
#6 C:\xampp\htdocs\simulacro\routes\web.php(10): viewProcess->index()
#7 C:\xampp\htdocs\simulacro\index.php(13): Route_controller->index_()
#8 {main}
  thrown in C:\xampp\htdocs\simulacro\config\main.php on line 39
[02-Aug-2024 11:05:38 America/Bogota] PHP Fatal error:  Uncaught Error: Call to a member function prepare() on string in C:\xampp\htdocs\simulacro\config\main.php:39
Stack trace:
#0 C:\xampp\htdocs\simulacro\app\Controller\inscripController.php(28): mainClass->consulta_simple('select count(te...')
#1 C:\xampp\htdocs\simulacro\resourses\modules\recepcionar-view.php(5): inscripcionController->contador_tema('recibidos')
#2 C:\xampp\htdocs\simulacro\resourses\home.php(43): include('C:\\xampp\\htdocs...')
#3 C:\xampp\htdocs\simulacro\resourses\home.php(48): viewProcess->{closure}()
#4 C:\xampp\htdocs\simulacro\app\Controller\view_controller.php(6): require_once('C:\\xampp\\htdocs...')
#5 C:\xampp\htdocs\simulacro\routes\web.php(10): viewProcess->index()
#6 C:\xampp\htdocs\simulacro\index.php(13): Route_controller->index_()
#7 {main}
  thrown in C:\xampp\htdocs\simulacro\config\main.php on line 39
