[01-Aug-2024 08:04:20 America/Bogota] PHP Fatal error:  Uncaught Error: Call to a member function prepare() on string in C:\xampp\htdocs\simulacro\config\main.php:39
Stack trace:
#0 C:\xampp\htdocs\simulacro\app\Model\inscripModel.php(108): mainClass->consulta_simple('select * from l...')
#1 C:\xampp\htdocs\simulacro\app\Controller\inscripController.php(279): inscripcionModel->busqueda_postulante_model('8000720')
#2 C:\xampp\htdocs\simulacro\app\Ajax\actualizarAjax.php(17): inscripcionController->busqueda_postulante('8000720')
#3 {main}
  thrown in C:\xampp\htdocs\simulacro\config\main.php on line 39
[01-Aug-2024 08:04:39 America/Bogota] PHP Fatal error:  Uncaught Error: Call to a member function prepare() on string in C:\xampp\htdocs\simulacro\config\main.php:39
Stack trace:
#0 C:\xampp\htdocs\simulacro\app\Model\inscripModel.php(108): mainClass->consulta_simple('select * from l...')
#1 C:\xampp\htdocs\simulacro\app\Controller\inscripController.php(279): inscripcionModel->busqueda_postulante_model('8000720')
#2 C:\xampp\htdocs\simulacro\app\Ajax\actualizarAjax.php(17): inscripcionController->busqueda_postulante('8000720')
#3 {main}
  thrown in C:\xampp\htdocs\simulacro\config\main.php on line 39
[01-Aug-2024 08:04:53 America/Bogota] PHP Fatal error:  Uncaught Error: Call to a member function prepare() on string in C:\xampp\htdocs\simulacro\config\main.php:39
Stack trace:
#0 C:\xampp\htdocs\simulacro\app\Model\inscripModel.php(108): mainClass->consulta_simple('select * from l...')
#1 C:\xampp\htdocs\simulacro\app\Controller\inscripController.php(279): inscripcionModel->busqueda_postulante_model('8000720')
#2 C:\xampp\htdocs\simulacro\app\Ajax\actualizarAjax.php(17): inscripcionController->busqueda_postulante('8000720')
#3 {main}
  thrown in C:\xampp\htdocs\simulacro\config\main.php on line 39
[01-Aug-2024 08:05:12 America/Bogota] PHP Fatal error:  Uncaught Error: Call to a member function prepare() on string in C:\xampp\htdocs\simulacro\config\main.php:39
Stack trace:
#0 C:\xampp\htdocs\simulacro\app\Model\inscripModel.php(108): mainClass->consulta_simple('select * from l...')
#1 C:\xampp\htdocs\simulacro\app\Controller\inscripController.php(279): inscripcionModel->busqueda_postulante_model('8000720')
#2 C:\xampp\htdocs\simulacro\app\Ajax\actualizarAjax.php(17): inscripcionController->busqueda_postulante('8000720')
#3 {main}
  thrown in C:\xampp\htdocs\simulacro\config\main.php on line 39
[01-Aug-2024 08:05:23 America/Bogota] PHP Fatal error:  Uncaught Error: Call to a member function prepare() on string in C:\xampp\htdocs\simulacro\config\main.php:39
Stack trace:
#0 C:\xampp\htdocs\simulacro\app\Model\inscripModel.php(108): mainClass->consulta_simple('select * from l...')
#1 C:\xampp\htdocs\simulacro\app\Controller\inscripController.php(279): inscripcionModel->busqueda_postulante_model('8000720')
#2 C:\xampp\htdocs\simulacro\app\Ajax\actualizarAjax.php(17): inscripcionController->busqueda_postulante('8000720')
#3 {main}
  thrown in C:\xampp\htdocs\simulacro\config\main.php on line 39
[01-Aug-2024 08:06:22 America/Bogota] PHP Fatal error:  Uncaught Error: Call to a member function prepare() on string in C:\xampp\htdocs\simulacro\config\main.php:39
Stack trace:
#0 C:\xampp\htdocs\simulacro\app\Model\inscripModel.php(108): mainClass->consulta_simple('select * from l...')
#1 C:\xampp\htdocs\simulacro\app\Controller\inscripController.php(279): inscripcionModel->busqueda_postulante_model('8000720')
#2 C:\xampp\htdocs\simulacro\app\Ajax\actualizarAjax.php(17): inscripcionController->busqueda_postulante('8000720')
#3 {main}
  thrown in C:\xampp\htdocs\simulacro\config\main.php on line 39
[01-Aug-2024 08:10:55 America/Bogota] PHP Fatal error:  Uncaught Error: Call to a member function prepare() on string in C:\xampp\htdocs\simulacro\config\main.php:39
Stack trace:
#0 C:\xampp\htdocs\simulacro\app\Model\inscripModel.php(90): mainClass->consulta_simple('select * from p...')
#1 C:\xampp\htdocs\simulacro\app\Controller\inscripController.php(481): inscripcionModel->v_exist('8000059')
#2 C:\xampp\htdocs\simulacro\app\Ajax\reporteAjax.php(10): inscripcionController->reporte_constancia('8000059')
#3 {main}
  thrown in C:\xampp\htdocs\simulacro\config\main.php on line 39
[01-Aug-2024 08:15:48 America/Bogota] PHP Fatal error:  Uncaught Error: Call to a member function prepare() on string in C:\xampp\htdocs\simulacro\config\main.php:39
Stack trace:
#0 C:\xampp\htdocs\simulacro\app\Model\inscripModel.php(90): mainClass->consulta_simple('select * from p...')
#1 C:\xampp\htdocs\simulacro\app\Controller\inscripController.php(481): inscripcionModel->v_exist('8000059')
#2 C:\xampp\htdocs\simulacro\app\Ajax\reporteAjax.php(10): inscripcionController->reporte_constancia('8000059')
#3 {main}
  thrown in C:\xampp\htdocs\simulacro\config\main.php on line 39
[01-Aug-2024 08:21:22 America/Bogota] PHP Fatal error:  Uncaught Error: Call to a member function prepare() on string in C:\xampp\htdocs\simulacro\config\main.php:39
Stack trace:
#0 C:\xampp\htdocs\simulacro\app\Model\inscripModel.php(90): mainClass->consulta_simple('select * from p...')
#1 C:\xampp\htdocs\simulacro\app\Controller\inscripController.php(481): inscripcionModel->v_exist('61195857')
#2 C:\xampp\htdocs\simulacro\app\Ajax\reporteAjax.php(10): inscripcionController->reporte_constancia('61195857')
#3 {main}
  thrown in C:\xampp\htdocs\simulacro\config\main.php on line 39
[01-Aug-2024 08:56:13 America/Bogota] PHP Fatal error:  Uncaught Error: Call to a member function prepare() on string in C:\xampp\htdocs\simulacro\config\main.php:39
Stack trace:
#0 C:\xampp\htdocs\simulacro\app\Model\inscripModel.php(90): mainClass->consulta_simple('select * from p...')
#1 C:\xampp\htdocs\simulacro\app\Controller\inscripController.php(481): inscripcionModel->v_exist('s')
#2 C:\xampp\htdocs\simulacro\app\Ajax\reporteAjax.php(10): inscripcionController->reporte_constancia('s')
#3 {main}
  thrown in C:\xampp\htdocs\simulacro\config\main.php on line 39
[01-Aug-2024 11:58:17 America/Bogota] PHP Fatal error:  Uncaught Error: Call to a member function prepare() on string in C:\xampp\htdocs\simulacro\config\main.php:39
Stack trace:
#0 C:\xampp\htdocs\simulacro\app\Model\inscripModel.php(108): mainClass->consulta_simple('select * from l...')
#1 C:\xampp\htdocs\simulacro\app\Controller\inscripController.php(147): inscripcionModel->busqueda_postulante_model('8000820')
#2 C:\xampp\htdocs\simulacro\app\Ajax\actualizarAjax.php(12): inscripcionController->registro_check()
#3 {main}
  thrown in C:\xampp\htdocs\simulacro\config\main.php on line 39
[01-Aug-2024 14:26:25 America/Bogota] PHP Fatal error:  Uncaught Error: Call to a member function prepare() on string in C:\xampp\htdocs\simulacro\config\main.php:39
Stack trace:
#0 C:\xampp\htdocs\simulacro\app\Model\inscripModel.php(108): mainClass->consulta_simple('select * from l...')
#1 C:\xampp\htdocs\simulacro\app\Controller\inscripController.php(147): inscripcionModel->busqueda_postulante_model('8000469')
#2 C:\xampp\htdocs\simulacro\app\Ajax\actualizarAjax.php(12): inscripcionController->registro_check()
#3 {main}
  thrown in C:\xampp\htdocs\simulacro\config\main.php on line 39
[01-Aug-2024 14:26:28 America/Bogota] PHP Fatal error:  Uncaught Error: Call to a member function prepare() on string in C:\xampp\htdocs\simulacro\config\main.php:39
Stack trace:
#0 C:\xampp\htdocs\simulacro\app\Model\inscripModel.php(108): mainClass->consulta_simple('select * from l...')
#1 C:\xampp\htdocs\simulacro\app\Controller\inscripController.php(147): inscripcionModel->busqueda_postulante_model('8000469')
#2 C:\xampp\htdocs\simulacro\app\Ajax\actualizarAjax.php(12): inscripcionController->registro_check()
#3 {main}
  thrown in C:\xampp\htdocs\simulacro\config\main.php on line 39
[01-Aug-2024 14:50:59 America/Bogota] PHP Fatal error:  Uncaught Error: Call to a member function prepare() on string in C:\xampp\htdocs\simulacro\config\main.php:39
Stack trace:
#0 C:\xampp\htdocs\simulacro\app\Model\inscripModel.php(108): mainClass->consulta_simple('select * from l...')
#1 C:\xampp\htdocs\simulacro\app\Controller\inscripController.php(147): inscripcionModel->busqueda_postulante_model('8000871')
#2 C:\xampp\htdocs\simulacro\app\Ajax\actualizarAjax.php(12): inscripcionController->registro_check()
#3 {main}
  thrown in C:\xampp\htdocs\simulacro\config\main.php on line 39
[01-Aug-2024 14:52:40 America/Bogota] PHP Fatal error:  Uncaught Error: Call to a member function prepare() on string in C:\xampp\htdocs\simulacro\config\main.php:39
Stack trace:
#0 C:\xampp\htdocs\simulacro\app\Model\inscripModel.php(108): mainClass->consulta_simple('select * from l...')
#1 C:\xampp\htdocs\simulacro\app\Controller\inscripController.php(147): inscripcionModel->busqueda_postulante_model('8000871')
#2 C:\xampp\htdocs\simulacro\app\Ajax\actualizarAjax.php(12): inscripcionController->registro_check()
#3 {main}
  thrown in C:\xampp\htdocs\simulacro\config\main.php on line 39
